
Chromatic CLI v9.0.0
https://www.chromatic.com/docs/cli

Authenticating with Chromatic
    → Connecting to https://index.chromatic.com
Authenticated with Chromatic
    → Using project token '****************9f6f'
Retrieving git information
Retrieved git information
    → Commit '8ee91d8' on branch 'main'; no ancestor found
Collecting Storybook metadata
Collected Storybook metadata
    → Storybook 7.5.2 for React; using the @storybook/nextjs builder (7.5.2); no supported addons found
Initializing build
Initialized build
    → Build 1 initialized
Building your Storybook
    → Running command: npm run build-storybook -- --output-dir /var/folders/gj/bdfpb3r55b947r92kbg4wv9c0000gn/T/chromatic--42284-Uh4O1VR90RSV
Storybook built in 12 seconds
    → View build log at /Users/devgiljong/development/query5/build-storybook.log
Publish your built Storybook
    → Validating Storybook files
Publishing your built Storybook
    → Retrieving target location
    → Starting publish
    → [                    ] 0%
    → [==                  ] 9%
    → [===                 ] 13%
    → [====                ] 19%
    → [=====               ] 23%
    → [=======             ] 34%
    → [=======             ] 37%
    → [========            ] 39%
    → [========            ] 41%
    → [=========           ] 45%
    → [=========           ] 46%
    → [=========           ] 47%
    → [==========          ] 48%
    → [==========          ] 49%
    → [==========          ] 51%
    → [==========          ] 52%
    → [===========         ] 53%
    → [===========         ] 55%
    → [===========         ] 56%
    → [===========         ] 57%
    → [============        ] 58%
    → [============        ] 61%
    → [=============       ] 64%
    → [=============       ] 67%
    → [==============      ] 68%
    → [==============      ] 69%
    → [==============      ] 72%
    → [================    ] 78%
    → [================    ] 81%
    → [=================   ] 83%
    → [=================   ] 87%
    → [==================  ] 88%
    → [==================  ] 90%
    → [=================== ] 94%
    → [=================== ] 95%
    → [=================== ] 97%
    → [====================] 98%
    → [====================] 99%
Publish complete in 9 seconds
    → View your Storybook at https://65563d7762ac477eb3aa90b2-kxpaqqjpjt.chromatic.com
Verifying your Storybook
    → This may take a few minutes
Started build 1
    → Continue setup at https://www.chromatic.com/setup?appId=65563d7762ac477eb3aa90b2
Running 10 tests
    → This may take a few minutes
ℹ Speed up Continuous Integration
Your project is linked to GitHub so Chromatic will report results there.
This means you can pass the --exit-once-uploaded flag to skip waiting for build results.
Read more here: https://www.chromatic.com/docs/cli#chromatic-options
    → [==                  ] 1/10  Button › Primary 
    → [====                ] 2/10  Button › Secondary 
    → [======              ] 3/10  Button › Large 
    → [==========          ] 5/10  Button › Warning 
    → [==============      ] 7/10  Header › Logged Out 
    → [================    ] 8/10  Presentation › Default 
    → [==================  ] 9/10  XionButton › Primary 
    → [====================] 10/10  XionButton › Default 
✔ Build passed. Welcome to Chromatic!
We found 4 components with 10 stories and took 10 snapshots.
ℹ Please continue setup at https://www.chromatic.com/setup?appId=65563d7762ac477eb3aa90b2
Build 1 auto-accepted
    → Tested 10 stories across 4 components; captured 10 snapshots in 19 seconds


